<html>
<head>
<title>TestNG:  Running Smoke suite in chrome</title>
<link href="../testng.css" rel="stylesheet" type="text/css" />
<link href="../my-testng.css" rel="stylesheet" type="text/css" />

<style type="text/css">
.log { display: none;} 
.stack-trace { display: none;} 
</style>
<script type="text/javascript">
<!--
function flip(e) {
  current = e.style.display;
  if (current == 'block') {
    e.style.display = 'none';
    return 0;
  }
  else {
    e.style.display = 'block';
    return 1;
  }
}

function toggleBox(szDivId, elem, msg1, msg2)
{
  var res = -1;  if (document.getElementById) {
    res = flip(document.getElementById(szDivId));
  }
  else if (document.all) {
    // this is the way old msie versions work
    res = flip(document.all[szDivId]);
  }
  if(elem) {
    if(res == 0) elem.innerHTML = msg1; else elem.innerHTML = msg2;
  }

}

function toggleAllBoxes() {
  if (document.getElementsByTagName) {
    d = document.getElementsByTagName('div');
    for (i = 0; i < d.length; i++) {
      if (d[i].className == 'log') {
        flip(d[i]);
      }
    }
  }
}

// -->
</script>

</head>
<body>
<h2 align='center'>Running Smoke suite in chrome</h2><table border='1' align="center">
<tr>
<td>Tests passed/Failed/Skipped:</td><td>0/0/2</td>
</tr><tr>
<td>Started on:</td><td>Fri Nov 27 23:54:25 EST 2020</td>
</tr>
<tr><td>Total time:</td><td>2 seconds (2788 ms)</td>
</tr><tr>
<td>Included groups:</td><td></td>
</tr><tr>
<td>Excluded groups:</td><td></td>
</tr>
</table><p/>
<small><i>(Hover the method name to see the test class name)</i></small><p/>
<table width='100%' border='1' class='invocation-failed'>
<tr><td colspan='4' align='center'><b>FAILED CONFIGURATIONS</b></td></tr>
<tr><td><b>Test method</b></td>
<td width="30%"><b>Exception</b></td>
<td width="10%"><b>Time (seconds)</b></td>
<td><b>Instance</b></td>
</tr>
<tr>
<td title='Test_Cases.Successfully_sent_mail_test$Sign_in_test.beforeEachTestMethod()'><b>beforeEachTestMethod</b><br>Test class: Test_Cases.Successfully_sent_mail_test$Sign_in_test<br>Parameters: ch</td>
<td><div><pre>org.openqa.selenium.SessionNotCreatedException: session not created: This version of ChromeDriver only supports Chrome version 84
Build info: version: &apos;3.141.59&apos;, revision: &apos;e82be7d358&apos;, time: &apos;2018-11-14T08:25:48&apos;
System info: host: &apos;Afsanas-MacBook-Pro.local&apos;, ip: &apos;2601:48:c504:fd0:908f:659e:e2a9:fd93%en0&apos;, os.name: &apos;Mac OS X&apos;, os.arch: &apos;x86_64&apos;, os.version: &apos;10.15.7&apos;, java.version: &apos;1.8.0_241&apos;
Driver info: driver.version: ChromeDriver
remote stacktrace: 0   chromedriver                        0x0000000103e9ec49 chromedriver + 4893769
1   chromedriver                        0x0000000103e380e3 chromedriver + 4473059
2   chromedriver                        0x0000000103aab8fd chromedriver + 751869
3   chromedriver                        0x0000000103a0d3b9 chromedriver + 103353
4   chromedriver                        0x0000000103a09696 chromedriver + 87702
5   chromedriver                        0x0000000103a069b9 chromedriver + 76217
6   chromedriver                        0x0000000103a39043 chromedriver + 282691
7   chromedriver                        0x0000000103a35e43 chromedriver + 269891
8   chromedriver                        0x0000000103a0f62a chromedriver + 112170
9   chromedriver                        0x0000000103a10635 chromedriver + 116277
10  chromedriver                        0x0000000103e605af chromedriver + 4638127
11  chromedriver                        0x0000000103e6d91b chromedriver + 4692251
12  chromedriver                        0x0000000103e6d6bb chromedriver + 4691643
13  chromedriver                        0x0000000103e44109 chromedriver + 4522249
14  chromedriver                        0x0000000103e6dea3 chromedriver + 4693667
15  chromedriver                        0x0000000103e56073 chromedriver + 4595827
16  chromedriver                        0x0000000103e85094 chromedriver + 4788372
17  chromedriver                        0x0000000103ea4db7 chromedriver + 4918711
18  libsystem_pthread.dylib             0x00007fff6e5a9109 _pthread_start + 148
19  libsystem_pthread.dylib             0x00007fff6e5a4b8b thread_start + 15

	at org.openqa.selenium.remote.W3CHandshakeResponse.lambda$errorHandler$0(W3CHandshakeResponse.java:62)
	at org.openqa.selenium.remote.HandshakeResponse.lambda$getResponseFunction$0(HandshakeResponse.java:30)
	at org.openqa.selenium.remote.ProtocolHandshake.lambda$createSession$0(ProtocolHandshake.java:126)
	at java.util.stream.ReferencePipeline$3$1.accept(ReferencePipeline.java:193)
	at java.util.Spliterators$ArraySpliterator.tryAdvance(Spliterators.java:958)
	at java.util.stream.ReferencePipeline.forEachWithCancel(ReferencePipeline.java:126)
	at java.util.stream.AbstractPipeline.copyIntoWithCancel(AbstractPipeline.java:499)
	at java.util.stream.AbstractPipeline.copyInto(AbstractPipeline.java:486)
	at java.util.stream.AbstractPipeline.wrapAndCopyInto(AbstractPipeline.java:472)
	at java.util.stream.FindOps$FindOp.evaluateSequential(FindOps.java:152)
	at java.util.stream.AbstractPipeline.evaluate(AbstractPipeline.java:234)
	at java.util.stream.ReferencePipeline.findFirst(ReferencePipeline.java:464)
	at org.openqa.selenium.remote.ProtocolHandshake.createSession(ProtocolHandshake.java:128)
	at org.openqa.selenium.remote.ProtocolHandshake.createSession(ProtocolHandshake.java:74)
	at org.openqa.selenium.remote.HttpCommandExecutor.execute(HttpCommandExecutor.java:136)
	at org.openqa.selenium.remote.service.DriverCommandExecutor.execute(DriverCommandExecutor.java:83)
	at org.openqa.selenium.remote.RemoteWebDriver.execute(RemoteWebDriver.java:552)
	at org.openqa.selenium.remote.RemoteWebDriver.startSession(RemoteWebDriver.java:213)
	at org.openqa.selenium.remote.RemoteWebDriver.&lt;init&gt;(RemoteWebDriver.java:131)
	at org.openqa.selenium.chrome.ChromeDriver.&lt;init&gt;(ChromeDriver.java:181)
	at org.openqa.selenium.chrome.ChromeDriver.&lt;init&gt;(ChromeDriver.java:168)
	at org.openqa.selenium.chrome.ChromeDriver.&lt;init&gt;(ChromeDriver.java:123)
	at base.Config.beforeEachTestMethod(Config.java:26)
... Removed 30 stack frames</pre></div><a href='#' onClick='toggleBox("stack-trace1173346575", this, "Click to show all stack frames", "Click to hide stack frames")'>Click to show all stack frames</a>
<div class='stack-trace' id='stack-trace1173346575'><pre>org.openqa.selenium.SessionNotCreatedException: session not created: This version of ChromeDriver only supports Chrome version 84
Build info: version: &apos;3.141.59&apos;, revision: &apos;e82be7d358&apos;, time: &apos;2018-11-14T08:25:48&apos;
System info: host: &apos;Afsanas-MacBook-Pro.local&apos;, ip: &apos;2601:48:c504:fd0:908f:659e:e2a9:fd93%en0&apos;, os.name: &apos;Mac OS X&apos;, os.arch: &apos;x86_64&apos;, os.version: &apos;10.15.7&apos;, java.version: &apos;1.8.0_241&apos;
Driver info: driver.version: ChromeDriver
remote stacktrace: 0   chromedriver                        0x0000000103e9ec49 chromedriver + 4893769
1   chromedriver                        0x0000000103e380e3 chromedriver + 4473059
2   chromedriver                        0x0000000103aab8fd chromedriver + 751869
3   chromedriver                        0x0000000103a0d3b9 chromedriver + 103353
4   chromedriver                        0x0000000103a09696 chromedriver + 87702
5   chromedriver                        0x0000000103a069b9 chromedriver + 76217
6   chromedriver                        0x0000000103a39043 chromedriver + 282691
7   chromedriver                        0x0000000103a35e43 chromedriver + 269891
8   chromedriver                        0x0000000103a0f62a chromedriver + 112170
9   chromedriver                        0x0000000103a10635 chromedriver + 116277
10  chromedriver                        0x0000000103e605af chromedriver + 4638127
11  chromedriver                        0x0000000103e6d91b chromedriver + 4692251
12  chromedriver                        0x0000000103e6d6bb chromedriver + 4691643
13  chromedriver                        0x0000000103e44109 chromedriver + 4522249
14  chromedriver                        0x0000000103e6dea3 chromedriver + 4693667
15  chromedriver                        0x0000000103e56073 chromedriver + 4595827
16  chromedriver                        0x0000000103e85094 chromedriver + 4788372
17  chromedriver                        0x0000000103ea4db7 chromedriver + 4918711
18  libsystem_pthread.dylib             0x00007fff6e5a9109 _pthread_start + 148
19  libsystem_pthread.dylib             0x00007fff6e5a4b8b thread_start + 15

	at sun.reflect.NativeConstructorAccessorImpl.newInstance0(Native Method)
	at sun.reflect.NativeConstructorAccessorImpl.newInstance(NativeConstructorAccessorImpl.java:62)
	at sun.reflect.DelegatingConstructorAccessorImpl.newInstance(DelegatingConstructorAccessorImpl.java:45)
	at java.lang.reflect.Constructor.newInstance(Constructor.java:423)
	at org.openqa.selenium.remote.W3CHandshakeResponse.lambda$errorHandler$0(W3CHandshakeResponse.java:62)
	at org.openqa.selenium.remote.HandshakeResponse.lambda$getResponseFunction$0(HandshakeResponse.java:30)
	at org.openqa.selenium.remote.ProtocolHandshake.lambda$createSession$0(ProtocolHandshake.java:126)
	at java.util.stream.ReferencePipeline$3$1.accept(ReferencePipeline.java:193)
	at java.util.Spliterators$ArraySpliterator.tryAdvance(Spliterators.java:958)
	at java.util.stream.ReferencePipeline.forEachWithCancel(ReferencePipeline.java:126)
	at java.util.stream.AbstractPipeline.copyIntoWithCancel(AbstractPipeline.java:499)
	at java.util.stream.AbstractPipeline.copyInto(AbstractPipeline.java:486)
	at java.util.stream.AbstractPipeline.wrapAndCopyInto(AbstractPipeline.java:472)
	at java.util.stream.FindOps$FindOp.evaluateSequential(FindOps.java:152)
	at java.util.stream.AbstractPipeline.evaluate(AbstractPipeline.java:234)
	at java.util.stream.ReferencePipeline.findFirst(ReferencePipeline.java:464)
	at org.openqa.selenium.remote.ProtocolHandshake.createSession(ProtocolHandshake.java:128)
	at org.openqa.selenium.remote.ProtocolHandshake.createSession(ProtocolHandshake.java:74)
	at org.openqa.selenium.remote.HttpCommandExecutor.execute(HttpCommandExecutor.java:136)
	at org.openqa.selenium.remote.service.DriverCommandExecutor.execute(DriverCommandExecutor.java:83)
	at org.openqa.selenium.remote.RemoteWebDriver.execute(RemoteWebDriver.java:552)
	at org.openqa.selenium.remote.RemoteWebDriver.startSession(RemoteWebDriver.java:213)
	at org.openqa.selenium.remote.RemoteWebDriver.&lt;init&gt;(RemoteWebDriver.java:131)
	at org.openqa.selenium.chrome.ChromeDriver.&lt;init&gt;(ChromeDriver.java:181)
	at org.openqa.selenium.chrome.ChromeDriver.&lt;init&gt;(ChromeDriver.java:168)
	at org.openqa.selenium.chrome.ChromeDriver.&lt;init&gt;(ChromeDriver.java:123)
	at base.Config.beforeEachTestMethod(Config.java:26)
	at sun.reflect.NativeMethodAccessorImpl.invoke0(Native Method)
	at sun.reflect.NativeMethodAccessorImpl.invoke(NativeMethodAccessorImpl.java:62)
	at sun.reflect.DelegatingMethodAccessorImpl.invoke(DelegatingMethodAccessorImpl.java:43)
	at java.lang.reflect.Method.invoke(Method.java:498)
	at org.testng.internal.MethodInvocationHelper.invokeMethod(MethodInvocationHelper.java:85)
	at org.testng.internal.Invoker.invokeConfigurationMethod(Invoker.java:510)
	at org.testng.internal.Invoker.invokeConfigurations(Invoker.java:211)
	at org.testng.internal.Invoker.invokeMethod(Invoker.java:585)
	at org.testng.internal.Invoker.invokeTestMethod(Invoker.java:816)
	at org.testng.internal.Invoker.invokeTestMethods(Invoker.java:1124)
	at org.testng.internal.TestMethodWorker.invokeTestMethods(TestMethodWorker.java:125)
	at org.testng.internal.TestMethodWorker.run(TestMethodWorker.java:108)
	at org.testng.TestRunner.privateRun(TestRunner.java:774)
	at org.testng.TestRunner.run(TestRunner.java:624)
	at org.testng.SuiteRunner.runTest(SuiteRunner.java:359)
	at org.testng.SuiteRunner.runSequentially(SuiteRunner.java:354)
	at org.testng.SuiteRunner.privateRun(SuiteRunner.java:312)
	at org.testng.SuiteRunner.run(SuiteRunner.java:261)
	at org.testng.SuiteRunnerWorker.runSuite(SuiteRunnerWorker.java:52)
	at org.testng.SuiteRunnerWorker.run(SuiteRunnerWorker.java:86)
	at org.testng.TestNG.runSuitesSequentially(TestNG.java:1215)
	at org.testng.TestNG.runSuitesLocally(TestNG.java:1140)
	at org.testng.TestNG.run(TestNG.java:1048)
	at org.testng.remote.AbstractRemoteTestNG.run(AbstractRemoteTestNG.java:115)
	at org.testng.remote.RemoteTestNG.initAndRun(RemoteTestNG.java:251)
	at org.testng.remote.RemoteTestNG.main(RemoteTestNG.java:77)
</pre></div></td>
<td>0</td>
<td>Test_Cases.Successfully_sent_mail_test$Sign_in_test@2d2e5f00</td></tr>
</table><p>
<table width='100%' border='1' class='invocation-skipped'>
<tr><td colspan='4' align='center'><b>SKIPPED CONFIGURATIONS</b></td></tr>
<tr><td><b>Test method</b></td>
<td width="30%"><b>Exception</b></td>
<td width="10%"><b>Time (seconds)</b></td>
<td><b>Instance</b></td>
</tr>
<tr>
<td title='Test_Cases.Successfully_delete_mail$Sign_in_test.beforeEachTestMethod()'><b>beforeEachTestMethod</b><br>Test class: Test_Cases.Successfully_delete_mail$Sign_in_test</td>
<td></td>
<td>0</td>
<td>Test_Cases.Successfully_delete_mail$Sign_in_test@4c40b76e</td></tr>
<tr>
<td title='Test_Cases.Successfully_sent_mail_test$Sign_in_test.afterEachTestMethod()'><b>afterEachTestMethod</b><br>Test class: Test_Cases.Successfully_sent_mail_test$Sign_in_test</td>
<td></td>
<td>0</td>
<td>Test_Cases.Successfully_sent_mail_test$Sign_in_test@2d2e5f00</td></tr>
<tr>
<td title='Test_Cases.Successfully_delete_mail$Sign_in_test.afterEachTestMethod()'><b>afterEachTestMethod</b><br>Test class: Test_Cases.Successfully_delete_mail$Sign_in_test</td>
<td></td>
<td>0</td>
<td>Test_Cases.Successfully_delete_mail$Sign_in_test@4c40b76e</td></tr>
</table><p>
<table width='100%' border='1' class='invocation-skipped'>
<tr><td colspan='4' align='center'><b>SKIPPED TESTS</b></td></tr>
<tr><td><b>Test method</b></td>
<td width="30%"><b>Exception</b></td>
<td width="10%"><b>Time (seconds)</b></td>
<td><b>Instance</b></td>
</tr>
<tr>
<td title='Test_Cases.Successfully_delete_mail$Sign_in_test.Sucessfully_delete_mail_Test()'><b>Sucessfully_delete_mail_Test</b><br>Test class: Test_Cases.Successfully_delete_mail$Sign_in_test</td>
<td></td>
<td>0</td>
<td>Test_Cases.Successfully_delete_mail$Sign_in_test@4c40b76e</td></tr>
<tr>
<td title='Test_Cases.Successfully_sent_mail_test$Sign_in_test.Sucessfully_sent_mail_Test()'><b>Sucessfully_sent_mail_Test</b><br>Test class: Test_Cases.Successfully_sent_mail_test$Sign_in_test</td>
<td></td>
<td>0</td>
<td>Test_Cases.Successfully_sent_mail_test$Sign_in_test@2d2e5f00</td></tr>
</table><p>
</body>
</html>