<?xml version="1.0" encoding="UTF-8"?>
<!-- Generated by org.testng.reporters.JUnitReportReporter -->
<testsuite hostname="Afsanas-MacBook-Pro.local" name="Test_Cases.Successfully_delete_mail$Sign_in_test" tests="1" failures="0" timestamp="28 Nov 2020 04:54:27 GMT" time="0.001" errors="1">
  <testcase name="Sucessfully_delete_mail_Test" time="0.001" classname="Test_Cases.Successfully_delete_mail$Sign_in_test">
    <error type="org.openqa.selenium.SessionNotCreatedException" message="session not created: This version of ChromeDriver only supports Chrome version 84
Build info: version: &#039;3.141.59&#039;, revision: &#039;e82be7d358&#039;, time: &#039;2018-11-14T08:25:48&#039;
System info: host: &#039;Afsanas-MacBook-Pro.local&#039;, ip: &#039;2601:48:c504:fd0:908f:659e:e2a9:fd93%en0&#039;, os.name: &#039;Mac OS X&#039;, os.arch: &#039;x86_64&#039;, os.version: &#039;10.15.7&#039;, java.version: &#039;1.8.0_241&#039;
Driver info: driver.version: ChromeDriver
remote stacktrace: 0   chromedriver                        0x0000000103e9ec49 chromedriver + 4893769
1   chromedriver                        0x0000000103e380e3 chromedriver + 4473059
2   chromedriver                        0x0000000103aab8fd chromedriver + 751869
3   chromedriver                        0x0000000103a0d3b9 chromedriver + 103353
4   chromedriver                        0x0000000103a09696 chromedriver + 87702
5   chromedriver                        0x0000000103a069b9 chromedriver + 76217
6   chromedriver                        0x0000000103a39043 chromedriver + 282691
7   chromedriver                        0x0000000103a35e43 chromedriver + 269891
8   chromedriver                        0x0000000103a0f62a chromedriver + 112170
9   chromedriver                        0x0000000103a10635 chromedriver + 116277
10  chromedriver                        0x0000000103e605af chromedriver + 4638127
11  chromedriver                        0x0000000103e6d91b chromedriver + 4692251
12  chromedriver                        0x0000000103e6d6bb chromedriver + 4691643
13  chromedriver                        0x0000000103e44109 chromedriver + 4522249
14  chromedriver                        0x0000000103e6dea3 chromedriver + 4693667
15  chromedriver                        0x0000000103e56073 chromedriver + 4595827
16  chromedriver                        0x0000000103e85094 chromedriver + 4788372
17  chromedriver                        0x0000000103ea4db7 chromedriver + 4918711
18  libsystem_pthread.dylib             0x00007fff6e5a9109 _pthread_start + 148
19  libsystem_pthread.dylib             0x00007fff6e5a4b8b thread_start + 15
">
      <![CDATA[org.openqa.selenium.SessionNotCreatedException: session not created: This version of ChromeDriver only supports Chrome version 84
Build info: version: '3.141.59', revision: 'e82be7d358', time: '2018-11-14T08:25:48'
System info: host: 'Afsanas-MacBook-Pro.local', ip: '2601:48:c504:fd0:908f:659e:e2a9:fd93%en0', os.name: 'Mac OS X', os.arch: 'x86_64', os.version: '10.15.7', java.version: '1.8.0_241'
Driver info: driver.version: ChromeDriver
remote stacktrace: 0   chromedriver                        0x0000000103e9ec49 chromedriver + 4893769
1   chromedriver                        0x0000000103e380e3 chromedriver + 4473059
2   chromedriver                        0x0000000103aab8fd chromedriver + 751869
3   chromedriver                        0x0000000103a0d3b9 chromedriver + 103353
4   chromedriver                        0x0000000103a09696 chromedriver + 87702
5   chromedriver                        0x0000000103a069b9 chromedriver + 76217
6   chromedriver                        0x0000000103a39043 chromedriver + 282691
7   chromedriver                        0x0000000103a35e43 chromedriver + 269891
8   chromedriver                        0x0000000103a0f62a chromedriver + 112170
9   chromedriver                        0x0000000103a10635 chromedriver + 116277
10  chromedriver                        0x0000000103e605af chromedriver + 4638127
11  chromedriver                        0x0000000103e6d91b chromedriver + 4692251
12  chromedriver                        0x0000000103e6d6bb chromedriver + 4691643
13  chromedriver                        0x0000000103e44109 chromedriver + 4522249
14  chromedriver                        0x0000000103e6dea3 chromedriver + 4693667
15  chromedriver                        0x0000000103e56073 chromedriver + 4595827
16  chromedriver                        0x0000000103e85094 chromedriver + 4788372
17  chromedriver                        0x0000000103ea4db7 chromedriver + 4918711
18  libsystem_pthread.dylib             0x00007fff6e5a9109 _pthread_start + 148
19  libsystem_pthread.dylib             0x00007fff6e5a4b8b thread_start + 15

	at sun.reflect.NativeConstructorAccessorImpl.newInstance0(Native Method)
	at sun.reflect.NativeConstructorAccessorImpl.newInstance(NativeConstructorAccessorImpl.java:62)
	at sun.reflect.DelegatingConstructorAccessorImpl.newInstance(DelegatingConstructorAccessorImpl.java:45)
	at java.lang.reflect.Constructor.newInstance(Constructor.java:423)
	at org.openqa.selenium.remote.W3CHandshakeResponse.lambda$errorHandler$0(W3CHandshakeResponse.java:62)
	at org.openqa.selenium.remote.HandshakeResponse.lambda$getResponseFunction$0(HandshakeResponse.java:30)
	at org.openqa.selenium.remote.ProtocolHandshake.lambda$createSession$0(ProtocolHandshake.java:126)
	at java.util.stream.ReferencePipeline$3$1.accept(ReferencePipeline.java:193)
	at java.util.Spliterators$ArraySpliterator.tryAdvance(Spliterators.java:958)
	at java.util.stream.ReferencePipeline.forEachWithCancel(ReferencePipeline.java:126)
	at java.util.stream.AbstractPipeline.copyIntoWithCancel(AbstractPipeline.java:499)
	at java.util.stream.AbstractPipeline.copyInto(AbstractPipeline.java:486)
	at java.util.stream.AbstractPipeline.wrapAndCopyInto(AbstractPipeline.java:472)
	at java.util.stream.FindOps$FindOp.evaluateSequential(FindOps.java:152)
	at java.util.stream.AbstractPipeline.evaluate(AbstractPipeline.java:234)
	at java.util.stream.ReferencePipeline.findFirst(ReferencePipeline.java:464)
	at org.openqa.selenium.remote.ProtocolHandshake.createSession(ProtocolHandshake.java:128)
	at org.openqa.selenium.remote.ProtocolHandshake.createSession(ProtocolHandshake.java:74)
	at org.openqa.selenium.remote.HttpCommandExecutor.execute(HttpCommandExecutor.java:136)
	at org.openqa.selenium.remote.service.DriverCommandExecutor.execute(DriverCommandExecutor.java:83)
	at org.openqa.selenium.remote.RemoteWebDriver.execute(RemoteWebDriver.java:552)
	at org.openqa.selenium.remote.RemoteWebDriver.startSession(RemoteWebDriver.java:213)
	at org.openqa.selenium.remote.RemoteWebDriver.<init>(RemoteWebDriver.java:131)
	at org.openqa.selenium.chrome.ChromeDriver.<init>(ChromeDriver.java:181)
	at org.openqa.selenium.chrome.ChromeDriver.<init>(ChromeDriver.java:168)
	at org.openqa.selenium.chrome.ChromeDriver.<init>(ChromeDriver.java:123)
	at base.Config.beforeEachTestMethod(Config.java:26)
	at sun.reflect.NativeMethodAccessorImpl.invoke0(Native Method)
	at sun.reflect.NativeMethodAccessorImpl.invoke(NativeMethodAccessorImpl.java:62)
	at sun.reflect.DelegatingMethodAccessorImpl.invoke(DelegatingMethodAccessorImpl.java:43)
	at java.lang.reflect.Method.invoke(Method.java:498)
	at org.testng.internal.MethodInvocationHelper.invokeMethod(MethodInvocationHelper.java:85)
	at org.testng.internal.Invoker.invokeConfigurationMethod(Invoker.java:510)
	at org.testng.internal.Invoker.invokeConfigurations(Invoker.java:211)
	at org.testng.internal.Invoker.invokeMethod(Invoker.java:585)
	at org.testng.internal.Invoker.invokeTestMethod(Invoker.java:816)
	at org.testng.internal.Invoker.invokeTestMethods(Invoker.java:1124)
	at org.testng.internal.TestMethodWorker.invokeTestMethods(TestMethodWorker.java:125)
	at org.testng.internal.TestMethodWorker.run(TestMethodWorker.java:108)
	at org.testng.TestRunner.privateRun(TestRunner.java:774)
	at org.testng.TestRunner.run(TestRunner.java:624)
	at org.testng.SuiteRunner.runTest(SuiteRunner.java:359)
	at org.testng.SuiteRunner.runSequentially(SuiteRunner.java:354)
	at org.testng.SuiteRunner.privateRun(SuiteRunner.java:312)
	at org.testng.SuiteRunner.run(SuiteRunner.java:261)
	at org.testng.SuiteRunnerWorker.runSuite(SuiteRunnerWorker.java:52)
	at org.testng.SuiteRunnerWorker.run(SuiteRunnerWorker.java:86)
	at org.testng.TestNG.runSuitesSequentially(TestNG.java:1215)
	at org.testng.TestNG.runSuitesLocally(TestNG.java:1140)
	at org.testng.TestNG.run(TestNG.java:1048)
	at org.testng.remote.AbstractRemoteTestNG.run(AbstractRemoteTestNG.java:115)
	at org.testng.remote.RemoteTestNG.initAndRun(RemoteTestNG.java:251)
	at org.testng.remote.RemoteTestNG.main(RemoteTestNG.java:77)
]]>
    </error>
  </testcase> <!-- Sucessfully_delete_mail_Test -->
</testsuite> <!-- Test_Cases.Successfully_delete_mail$Sign_in_test -->
